#
# There is insufficient memory for the Java Runtime Environment to continue.
# Native memory allocation (malloc) failed to allocate 1048576 bytes for AllocateHeap
# Possible reasons:
#   The system is out of physical RAM or swap space
#   In 32 bit mode, the process size limit was hit
# Possible solutions:
#   Reduce memory load on the system
#   Increase physical memory or swap space
#   Check if swap backing store is full
#   Use 64 bit Java on a 64 bit OS
#   Decrease Java heap size (-Xmx/-Xms)
#   Decrease number of Java threads
#   Decrease Java thread stack sizes (-Xss)
#   Set larger code cache with -XX:ReservedCodeCacheSize=
# This output file may be truncated or incomplete.
#
#  Out of Memory Error (memory/allocation.inline.hpp:61), pid=10288, tid=8360
#
# JRE version:  (8.0_45-b14) (build )
# Java VM: Java HotSpot(TM) 64-Bit Server VM (25.45-b02 mixed mode windows-amd64 compressed oops)
# Failed to write core dump. Minidumps are not enabled by default on client versions of Windows
#

---------------  T H R E A D  ---------------

Current thread (0x000000000256d800):  JavaThread "Unknown thread" [_thread_in_vm, id=8360, stack(0x0000000002410000,0x0000000002510000)]

Stack: [0x0000000002410000,0x0000000002510000]
Native frames: (J=compiled Java code, j=interpreted, Vv=VM code, C=native code)
V  [jvm.dll+0x32b57a]
V  [jvm.dll+0x279873]
V  [jvm.dll+0x27a509]
V  [jvm.dll+0x271825]
V  [jvm.dll+0x1606]
V  [jvm.dll+0x3c08c2]
V  [jvm.dll+0x3eecb2]
V  [jvm.dll+0x3ef1bc]
V  [jvm.dll+0x3ea7a7]
V  [jvm.dll+0xf2cf2]
V  [jvm.dll+0x20f0c9]
V  [jvm.dll+0x240e0a]
V  [jvm.dll+0x15ba41]
C  [java.exe+0x216e]
C  [java.exe+0xcce7]
C  [java.exe+0xcd7b]
C  [KERNEL32.DLL+0x18102]
C  [ntdll.dll+0x5c5b4]


---------------  P R O C E S S  ---------------

Java Threads: ( => current thread )

Other Threads:

=>0x000000000256d800 (exited) JavaThread "Unknown thread" [_thread_in_vm, id=8360, stack(0x0000000002410000,0x0000000002510000)]

VM state:not at safepoint (normal execution)

VM Mutex/Monitor currently owned by a thread: None

Heap:
 PSYoungGen      total 38400K, used 665K [0x00000000eab00000, 0x00000000ed580000, 0x0000000100000000)
  eden space 33280K, 2% used [0x00000000eab00000,0x00000000eaba6670,0x00000000ecb80000)
  from space 5120K, 0% used [0x00000000ed080000,0x00000000ed080000,0x00000000ed580000)
  to   space 5120K, 0% used [0x00000000ecb80000,0x00000000ecb80000,0x00000000ed080000)
 ParOldGen       total 87552K, used 0K [0x00000000c0000000, 0x00000000c5580000, 0x00000000eab00000)
  object space 87552K, 0% used [0x00000000c0000000,0x00000000c0000000,0x00000000c5580000)
 Metaspace       used 766K, capacity 4480K, committed 4480K, reserved 1056768K
  class space    used 75K, capacity 384K, committed 384K, reserved 1048576K

Card table byte_map: [0x0000000011a30000,0x0000000011c40000] byte_map_base: 0x0000000011430000

Marking Bits: (ParMarkBitMap*) 0x0000000053d74040
 Begin Bits: [0x00000000121a0000, 0x00000000131a0000)
 End Bits:   [0x00000000131a0000, 0x00000000141a0000)

Polling page: 0x0000000000510000

CodeCache: size=245760Kb used=328Kb max_used=328Kb free=245431Kb
 bounds [0x0000000002670000, 0x00000000028e0000, 0x0000000011670000]
 total_blobs=57 nmethods=0 adapters=37
 compilation: enabled

Compilation events (0 events):
No events

GC Heap History (0 events):
No events

Deoptimization events (0 events):
No events

Internal exceptions (0 events):
No events

Events (10 events):
Event: 0.067 loading class java/lang/Short
Event: 0.067 loading class java/lang/Short done
Event: 0.067 loading class java/lang/Integer
Event: 0.067 loading class java/lang/Integer done
Event: 0.067 loading class java/lang/Long
Event: 0.067 loading class java/lang/Long done
Event: 0.068 loading class java/lang/NullPointerException
Event: 0.068 loading class java/lang/NullPointerException done
Event: 0.068 loading class java/lang/ArithmeticException
Event: 0.068 loading class java/lang/ArithmeticException done


Dynamic libraries:
0x00007ff7ada00000 - 0x00007ff7ada37000 	C:\Program Files\Java\jdk1.8.0_45\bin\java.exe
0x00007ffa39f30000 - 0x00007ffa3a0f1000 	C:\WINDOWS\SYSTEM32\ntdll.dll
0x00007ffa375b0000 - 0x00007ffa3765d000 	C:\WINDOWS\system32\KERNEL32.DLL
0x00007ffa36d70000 - 0x00007ffa36f58000 	C:\WINDOWS\system32\KERNELBASE.dll
0x00007ffa39d70000 - 0x00007ffa39e17000 	C:\WINDOWS\system32\ADVAPI32.dll
0x00007ffa394a0000 - 0x00007ffa3953d000 	C:\WINDOWS\system32\msvcrt.dll
0x00007ffa37ae0000 - 0x00007ffa37b3b000 	C:\WINDOWS\system32\sechost.dll
0x00007ffa37cc0000 - 0x00007ffa37ddc000 	C:\WINDOWS\system32\RPCRT4.dll
0x00007ffa37de0000 - 0x00007ffa37f36000 	C:\WINDOWS\system32\USER32.dll
0x00007ffa37860000 - 0x00007ffa379e6000 	C:\WINDOWS\system32\GDI32.dll
0x00007ffa238b0000 - 0x00007ffa23b24000 	C:\WINDOWS\WinSxS\amd64_microsoft.windows.common-controls_6595b64144ccf1df_6.0.10586.0_none_8c15ae12515e1c22\COMCTL32.dll
0x00007ffa39af0000 - 0x00007ffa39d6d000 	C:\WINDOWS\system32\combase.dll
0x00007ffa37260000 - 0x00007ffa372ca000 	C:\WINDOWS\system32\bcryptPrimitives.dll
0x00007ffa37820000 - 0x00007ffa3785b000 	C:\WINDOWS\system32\IMM32.DLL
0x00000000531b0000 - 0x0000000053282000 	C:\Program Files\Java\jdk1.8.0_45\jre\bin\msvcr100.dll
0x0000000053570000 - 0x0000000053df3000 	C:\Program Files\Java\jdk1.8.0_45\jre\bin\server\jvm.dll
0x00007ffa37b40000 - 0x00007ffa37b48000 	C:\WINDOWS\system32\PSAPI.DLL
0x00007ffa33ed0000 - 0x00007ffa33ed9000 	C:\WINDOWS\SYSTEM32\WSOCK32.dll
0x00007ffa37a70000 - 0x00007ffa37adb000 	C:\WINDOWS\system32\WS2_32.dll
0x00007ffa347c0000 - 0x00007ffa347e3000 	C:\WINDOWS\SYSTEM32\WINMM.dll
0x00007ffa29770000 - 0x00007ffa2977a000 	C:\WINDOWS\SYSTEM32\VERSION.dll
0x00007ffa34740000 - 0x00007ffa3476c000 	C:\WINDOWS\SYSTEM32\WINMMBASE.dll
0x00007ffa37210000 - 0x00007ffa37253000 	C:\WINDOWS\system32\cfgmgr32.dll
0x0000000054770000 - 0x000000005477f000 	C:\Program Files\Java\jdk1.8.0_45\jre\bin\verify.dll
0x0000000054430000 - 0x0000000054459000 	C:\Program Files\Java\jdk1.8.0_45\jre\bin\java.dll
0x0000000054410000 - 0x0000000054426000 	C:\Program Files\Java\jdk1.8.0_45\jre\bin\zip.dll
0x00007ffa33a70000 - 0x00007ffa33bfc000 	C:\WINDOWS\SYSTEM32\dbghelp.dll

VM Arguments:
jvm_args: -Djava.awt.headless=true -Xmx1024M -Dfile.encoding=GBK -Duser.country=CN -Duser.language=zh -Duser.variant 
java_command: com.android.dx.command.Main --dex --force-jumbo --num-threads=4 --output F:\SVN\NewCarData\app\build\intermediates\pre-dexed\debug\com.android.support-appcompat-v7-23.3.0_9bc660ff9def0e2f4c6265a387ab875d6ff16d0d.jar F:\SVN\NewCarData\app\build\intermediates\exploded-aar\com.android.support\appcompat-v7\23.3.0\jars\classes.jar
java_class_path (initial): D:\AndroidStudio_JavaEE\android-sdk\build-tools\23.0.1\lib\dx.jar
Launcher Type: SUN_STANDARD

Environment Variables:
JAVA_HOME=C:\Program Files\Java\jdk1.8.0_45
CLASSPATH=.;C:\Program Files\Java\jdk1.8.0_45\lib\dt.jar;C:\Program Files\Java\jdk1.8.0_45\lib\tools.jar; 
PATH=E:\app\onlystar\product\11.2.2\dbhome_1\bin;C:\ProgramData\Oracle\Java\javapath;C:\WINDOWS\system32;C:\WINDOWS;C:\WINDOWS\System32\Wbem;C:\WINDOWS\System32\WindowsPowerShell\v1.0\;C:\Program Files\Java\jdk1.8.0_45\bin;C:\Program Files\Java\jdk1.8.0_45\jre\bin;D:\mysql\mysql-5.6.17-winx64\bin;C:\Program Files\TortoiseSVN\bin
USERNAME=onlystar
OS=Windows_NT
PROCESSOR_IDENTIFIER=Intel64 Family 6 Model 69 Stepping 1, GenuineIntel



---------------  S Y S T E M  ---------------

OS: Windows 10.0 , 64 bit Build 10586 (10.0.10586.0)

CPU:total 4 (2 cores per cpu, 2 threads per core) family 6 model 69 stepping 1, cmov, cx8, fxsr, mmx, sse, sse2, sse3, ssse3, sse4.1, sse4.2, popcnt, avx, avx2, aes, clmul, erms, lzcnt, ht, tsc, tscinvbit, bmi1, bmi2

Memory: 4k page, physical 8269040k(1469900k free), swap 8269040k(19068k free)

vm_info: Java HotSpot(TM) 64-Bit Server VM (25.45-b02) for windows-amd64 JRE (1.8.0_45-b14), built on Apr 10 2015 10:34:15 by "java_re" with MS VC++ 10.0 (VS2010)

time: Fri Jun 03 18:38:57 2016
elapsed time: 0 seconds (0d 0h 0m 0s)

