#
# There is insufficient memory for the Java Runtime Environment to continue.
# Native memory allocation (malloc) failed to allocate 990896 bytes for Chunk::new
# Possible reasons:
#   The system is out of physical RAM or swap space
#   In 32 bit mode, the process size limit was hit
# Possible solutions:
#   Reduce memory load on the system
#   Increase physical memory or swap space
#   Check if swap backing store is full
#   Use 64 bit Java on a 64 bit OS
#   Decrease Java heap size (-Xmx/-Xms)
#   Decrease number of Java threads
#   Decrease Java thread stack sizes (-Xss)
#   Set larger code cache with -XX:ReservedCodeCacheSize=
# This output file may be truncated or incomplete.
#
#  Out of Memory Error (allocation.cpp:390), pid=3100, tid=7504
#
# JRE version: Java(TM) SE Runtime Environment (8.0_45-b14) (build 1.8.0_45-b14)
# Java VM: Java HotSpot(TM) 64-Bit Server VM (25.45-b02 mixed mode windows-amd64 compressed oops)
# Failed to write core dump. Minidumps are not enabled by default on client versions of Windows
#

---------------  T H R E A D  ---------------

Current thread (0x0000000014db9800):  JavaThread "C2 CompilerThread0" daemon [_thread_in_native, id=7504, stack(0x00000000162b0000,0x00000000163b0000)]

Stack: [0x00000000162b0000,0x00000000163b0000]
Native frames: (J=compiled Java code, j=interpreted, Vv=VM code, C=native code)
V  [jvm.dll+0x32b57a]
V  [jvm.dll+0x279873]
V  [jvm.dll+0x27a509]
V  [jvm.dll+0x271825]
V  [jvm.dll+0xcb9e2]
V  [jvm.dll+0xcbeac]
V  [jvm.dll+0x476ef2]
V  [jvm.dll+0x4b955f]
V  [jvm.dll+0x46baa8]
V  [jvm.dll+0x46ccbe]
V  [jvm.dll+0x4500f2]
V  [jvm.dll+0xa4352]
V  [jvm.dll+0xa4c8f]
V  [jvm.dll+0x241984]
V  [jvm.dll+0x29853a]
C  [msvcr100.dll+0x21d9f]
C  [msvcr100.dll+0x21e3b]
C  [KERNEL32.DLL+0x18102]
C  [ntdll.dll+0x5c5b4]


Current CompileTask:
C2:   7514 2152       4       com.android.dx.ssa.LocalVariableExtractor::processBlock (383 bytes)


---------------  P R O C E S S  ---------------

Java Threads: ( => current thread )
  0x0000000016611800 JavaThread "pool-1-thread-4" [_thread_blocked, id=268, stack(0x0000000016fb0000,0x00000000170b0000)]
  0x0000000016610000 JavaThread "pool-1-thread-3" [_thread_blocked, id=3284, stack(0x0000000016eb0000,0x0000000016fb0000)]
  0x00000000165e4000 JavaThread "pool-1-thread-2" [_thread_blocked, id=9960, stack(0x0000000016db0000,0x0000000016eb0000)]
  0x0000000016571800 JavaThread "pool-2-thread-1" [_thread_blocked, id=5996, stack(0x0000000016cb0000,0x0000000016db0000)]
  0x0000000016570800 JavaThread "pool-1-thread-1" [_thread_blocked, id=7252, stack(0x0000000016bb0000,0x0000000016cb0000)]
  0x000000001643f800 JavaThread "Service Thread" daemon [_thread_blocked, id=11184, stack(0x00000000169b0000,0x0000000016ab0000)]
  0x00000000163b4000 JavaThread "C1 CompilerThread2" daemon [_thread_blocked, id=9820, stack(0x00000000168b0000,0x00000000169b0000)]
  0x00000000163b0800 JavaThread "C2 CompilerThread1" daemon [_thread_blocked, id=1496, stack(0x00000000167b0000,0x00000000168b0000)]
=>0x0000000014db9800 JavaThread "C2 CompilerThread0" daemon [_thread_in_native, id=7504, stack(0x00000000162b0000,0x00000000163b0000)]
  0x0000000014d6e000 JavaThread "Attach Listener" daemon [_thread_blocked, id=1824, stack(0x00000000161b0000,0x00000000162b0000)]
  0x0000000014d6c800 JavaThread "Signal Dispatcher" daemon [_thread_blocked, id=3848, stack(0x00000000160b0000,0x00000000161b0000)]
  0x0000000002687000 JavaThread "Finalizer" daemon [_thread_blocked, id=4308, stack(0x0000000015fb0000,0x00000000160b0000)]
  0x000000000267e000 JavaThread "Reference Handler" daemon [_thread_blocked, id=8908, stack(0x0000000015eb0000,0x0000000015fb0000)]
  0x000000000098d800 JavaThread "main" [_thread_blocked, id=5792, stack(0x0000000002490000,0x0000000002590000)]

Other Threads:
  0x0000000014d27800 VMThread [stack: 0x0000000015db0000,0x0000000015eb0000] [id=5628]
  0x000000001645a000 WatcherThread [stack: 0x0000000016ab0000,0x0000000016bb0000] [id=10416]

VM state:at safepoint (normal execution)

VM Mutex/Monitor currently owned by a thread:  ([mutex/lock_event])
[0x000000000098c590] Threads_lock - owner thread: 0x0000000014d27800
[0x0000000002591b50] Heap_lock - owner thread: 0x0000000016610000

Heap:
 PSYoungGen      total 243200K, used 49653K [0x00000000eab00000, 0x0000000100000000, 0x0000000100000000)
  eden space 193536K, 0% used [0x00000000eab00000,0x00000000eab00000,0x00000000f6800000)
  from space 49664K, 99% used [0x00000000fcf80000,0x00000000ffffd448,0x0000000100000000)
  to   space 77824K, 0% used [0x00000000f6800000,0x00000000f6800000,0x00000000fb400000)
 ParOldGen       total 154112K, used 119331K [0x00000000c0000000, 0x00000000c9680000, 0x00000000eab00000)
  object space 154112K, 77% used [0x00000000c0000000,0x00000000c7488da8,0x00000000c9680000)
 Metaspace       used 6299K, capacity 7224K, committed 7296K, reserved 1056768K
  class space    used 610K, capacity 624K, committed 640K, reserved 1048576K

Card table byte_map: [0x0000000011a50000,0x0000000011c60000] byte_map_base: 0x0000000011450000

Marking Bits: (ParMarkBitMap*) 0x0000000053d74040
 Begin Bits: [0x00000000121c0000, 0x00000000131c0000)
 End Bits:   [0x00000000131c0000, 0x00000000141c0000)

Polling page: 0x0000000000910000

CodeCache: size=245760Kb used=9663Kb max_used=9678Kb free=236096Kb
 bounds [0x0000000002690000, 0x0000000003020000, 0x0000000011690000]
 total_blobs=2341 nmethods=2069 adapters=184
 compilation: enabled

Compilation events (10 events):
Event: 7.260 Thread 0x00000000163b4000 2149 %     3       com.android.dx.ssa.back.SsaToRop$PhiVisitor::visitPhiInsn @ 19 (67 bytes)
Event: 7.261 Thread 0x00000000163b4000 nmethod 2149% 0x0000000002ff3f90 code [0x0000000002ff4200, 0x0000000002ff52e8]
Event: 7.261 Thread 0x00000000163b4000 2150       3       com.android.dx.ssa.back.SsaToRop$PhiVisitor::visitPhiInsn (67 bytes)
Event: 7.262 Thread 0x00000000163b4000 nmethod 2150 0x0000000002ffd0d0 code [0x0000000002ffd320, 0x0000000002ffe2e8]
Event: 7.279 Thread 0x0000000014db9800 nmethod 2144% 0x0000000003003910 code [0x0000000003003e40, 0x0000000003007050]
Event: 7.280 Thread 0x0000000014db9800 2152       4       com.android.dx.ssa.LocalVariableExtractor::processBlock (383 bytes)
Event: 7.310 Thread 0x00000000163b0800 nmethod 1871 0x000000000300cd50 code [0x000000000300cfa0, 0x000000000300e8d8]
Event: 7.311 Thread 0x00000000163b0800 2153 %     4       com.android.dx.ssa.DeadCodeRemover::pruneDeadInstructions @ 26 (246 bytes)
Event: 7.323 Thread 0x00000000163b0800 nmethod 2153% 0x0000000002ff3490 code [0x0000000002ff3620, 0x0000000002ff3b28]
Event: 7.323 Thread 0x00000000163b0800 1885       4       com.android.dx.dex.code.RopTranslator::outputBlock (202 bytes)

GC Heap History (10 events):
Event: 2.464 GC heap before
{Heap before GC invocations=4 (full 0):
 PSYoungGen      total 71680K, used 71667K [0x00000000eab00000, 0x00000000f3700000, 0x0000000100000000)
  eden space 66560K, 100% used [0x00000000eab00000,0x00000000eec00000,0x00000000eec00000)
  from space 5120K, 99% used [0x00000000eec00000,0x00000000ef0fcfe8,0x00000000ef100000)
  to   space 5120K, 0% used [0x00000000f3200000,0x00000000f3200000,0x00000000f3700000)
 ParOldGen       total 87552K, used 16653K [0x00000000c0000000, 0x00000000c5580000, 0x00000000eab00000)
  object space 87552K, 19% used [0x00000000c0000000,0x00000000c10434f8,0x00000000c5580000)
 Metaspace       used 6107K, capacity 7152K, committed 7296K, reserved 1056768K
  class space    used 587K, capacity 616K, committed 640K, reserved 1048576K
Event: 2.499 GC heap after
Heap after GC invocations=4 (full 0):
 PSYoungGen      total 138240K, used 5099K [0x00000000eab00000, 0x00000000f3700000, 0x0000000100000000)
  eden space 133120K, 0% used [0x00000000eab00000,0x00000000eab00000,0x00000000f2d00000)
  from space 5120K, 99% used [0x00000000f3200000,0x00000000f36fae00,0x00000000f3700000)
  to   space 5120K, 0% used [0x00000000f2d00000,0x00000000f2d00000,0x00000000f3200000)
 ParOldGen       total 87552K, used 27711K [0x00000000c0000000, 0x00000000c5580000, 0x00000000eab00000)
  object space 87552K, 31% used [0x00000000c0000000,0x00000000c1b0fd18,0x00000000c5580000)
 Metaspace       used 6107K, capacity 7152K, committed 7296K, reserved 1056768K
  class space    used 587K, capacity 616K, committed 640K, reserved 1048576K
}
Event: 3.350 GC heap before
{Heap before GC invocations=5 (full 0):
 PSYoungGen      total 138240K, used 138219K [0x00000000eab00000, 0x00000000f3700000, 0x0000000100000000)
  eden space 133120K, 100% used [0x00000000eab00000,0x00000000f2d00000,0x00000000f2d00000)
  from space 5120K, 99% used [0x00000000f3200000,0x00000000f36fae00,0x00000000f3700000)
  to   space 5120K, 0% used [0x00000000f2d00000,0x00000000f2d00000,0x00000000f3200000)
 ParOldGen       total 87552K, used 27711K [0x00000000c0000000, 0x00000000c5580000, 0x00000000eab00000)
  object space 87552K, 31% used [0x00000000c0000000,0x00000000c1b0fd18,0x00000000c5580000)
 Metaspace       used 6136K, capacity 7152K, committed 7296K, reserved 1056768K
  class space    used 588K, capacity 616K, committed 640K, reserved 1048576K
Event: 3.407 GC heap after
Heap after GC invocations=5 (full 0):
 PSYoungGen      total 138240K, used 5111K [0x00000000eab00000, 0x00000000fe600000, 0x0000000100000000)
  eden space 133120K, 0% used [0x00000000eab00000,0x00000000eab00000,0x00000000f2d00000)
  from space 5120K, 99% used [0x00000000f2d00000,0x00000000f31fde50,0x00000000f3200000)
  to   space 28160K, 0% used [0x00000000fca80000,0x00000000fca80000,0x00000000fe600000)
 ParOldGen       total 87552K, used 49354K [0x00000000c0000000, 0x00000000c5580000, 0x00000000eab00000)
  object space 87552K, 56% used [0x00000000c0000000,0x00000000c3032a98,0x00000000c5580000)
 Metaspace       used 6136K, capacity 7152K, committed 7296K, reserved 1056768K
  class space    used 588K, capacity 616K, committed 640K, reserved 1048576K
}
Event: 4.184 GC heap before
{Heap before GC invocations=6 (full 0):
 PSYoungGen      total 138240K, used 138231K [0x00000000eab00000, 0x00000000fe600000, 0x0000000100000000)
  eden space 133120K, 100% used [0x00000000eab00000,0x00000000f2d00000,0x00000000f2d00000)
  from space 5120K, 99% used [0x00000000f2d00000,0x00000000f31fde50,0x00000000f3200000)
  to   space 28160K, 0% used [0x00000000fca80000,0x00000000fca80000,0x00000000fe600000)
 ParOldGen       total 87552K, used 49354K [0x00000000c0000000, 0x00000000c5580000, 0x00000000eab00000)
  object space 87552K, 56% used [0x00000000c0000000,0x00000000c3032a98,0x00000000c5580000)
 Metaspace       used 6152K, capacity 7152K, committed 7296K, reserved 1056768K
  class space    used 588K, capacity 616K, committed 640K, reserved 1048576K
Event: 4.276 GC heap after
Heap after GC invocations=6 (full 0):
 PSYoungGen      total 280064K, used 28156K [0x00000000eab00000, 0x0000000100000000, 0x0000000100000000)
  eden space 251904K, 0% used [0x00000000eab00000,0x00000000eab00000,0x00000000fa100000)
  from space 28160K, 99% used [0x00000000fca80000,0x00000000fe5ff2c8,0x00000000fe600000)
  to   space 42496K, 0% used [0x00000000fa100000,0x00000000fa100000,0x00000000fca80000)
 ParOldGen       total 87552K, used 65870K [0x00000000c0000000, 0x00000000c5580000, 0x00000000eab00000)
  object space 87552K, 75% used [0x00000000c0000000,0x00000000c4053890,0x00000000c5580000)
 Metaspace       used 6152K, capacity 7152K, committed 7296K, reserved 1056768K
  class space    used 588K, capacity 616K, committed 640K, reserved 1048576K
}
Event: 4.276 GC heap before
{Heap before GC invocations=7 (full 1):
 PSYoungGen      total 280064K, used 28156K [0x00000000eab00000, 0x0000000100000000, 0x0000000100000000)
  eden space 251904K, 0% used [0x00000000eab00000,0x00000000eab00000,0x00000000fa100000)
  from space 28160K, 99% used [0x00000000fca80000,0x00000000fe5ff2c8,0x00000000fe600000)
  to   space 42496K, 0% used [0x00000000fa100000,0x00000000fa100000,0x00000000fca80000)
 ParOldGen       total 87552K, used 65870K [0x00000000c0000000, 0x00000000c5580000, 0x00000000eab00000)
  object space 87552K, 75% used [0x00000000c0000000,0x00000000c4053890,0x00000000c5580000)
 Metaspace       used 6152K, capacity 7152K, committed 7296K, reserved 1056768K
  class space    used 588K, capacity 616K, committed 640K, reserved 1048576K
Event: 4.805 GC heap after
Heap after GC invocations=7 (full 1):
 PSYoungGen      total 280064K, used 0K [0x00000000eab00000, 0x0000000100000000, 0x0000000100000000)
  eden space 251904K, 0% used [0x00000000eab00000,0x00000000eab00000,0x00000000fa100000)
  from space 28160K, 0% used [0x00000000fca80000,0x00000000fca80000,0x00000000fe600000)
  to   space 42496K, 0% used [0x00000000fa100000,0x00000000fa100000,0x00000000fca80000)
 ParOldGen       total 154112K, used 74635K [0x00000000c0000000, 0x00000000c9680000, 0x00000000eab00000)
  object space 154112K, 48% used [0x00000000c0000000,0x00000000c48e2e38,0x00000000c9680000)
 Metaspace       used 6152K, capacity 7152K, committed 7296K, reserved 1056768K
  class space    used 588K, capacity 616K, committed 640K, reserved 1048576K
}
Event: 6.169 GC heap before
{Heap before GC invocations=8 (full 1):
 PSYoungGen      total 280064K, used 251904K [0x00000000eab00000, 0x0000000100000000, 0x0000000100000000)
  eden space 251904K, 100% used [0x00000000eab00000,0x00000000fa100000,0x00000000fa100000)
  from space 28160K, 0% used [0x00000000fca80000,0x00000000fca80000,0x00000000fe600000)
  to   space 42496K, 0% used [0x00000000fa100000,0x00000000fa100000,0x00000000fca80000)
 ParOldGen       total 154112K, used 74635K [0x00000000c0000000, 0x00000000c9680000, 0x00000000eab00000)
  object space 154112K, 48% used [0x00000000c0000000,0x00000000c48e2e38,0x00000000c9680000)
 Metaspace       used 6179K, capacity 7216K, committed 7296K, reserved 1056768K
  class space    used 590K, capacity 616K, committed 640K, reserved 1048576K
Event: 6.228 GC heap after
Heap after GC invocations=8 (full 1):
 PSYoungGen      total 294400K, used 39872K [0x00000000eab00000, 0x0000000100000000, 0x0000000100000000)
  eden space 251904K, 0% used [0x00000000eab00000,0x00000000eab00000,0x00000000fa100000)
  from space 42496K, 93% used [0x00000000fa100000,0x00000000fc7f01d8,0x00000000fca80000)
  to   space 49664K, 0% used [0x00000000fcf80000,0x00000000fcf80000,0x0000000100000000)
 ParOldGen       total 154112K, used 74635K [0x00000000c0000000, 0x00000000c9680000, 0x00000000eab00000)
  object space 154112K, 48% used [0x00000000c0000000,0x00000000c48e2e38,0x00000000c9680000)
 Metaspace       used 6179K, capacity 7216K, committed 7296K, reserved 1056768K
  class space    used 590K, capacity 616K, committed 640K, reserved 1048576K
}

Deoptimization events (10 events):
Event: 5.899 Thread 0x0000000016610000 Uncommon trap: reason=bimorphic action=maybe_recompile pc=0x0000000002da5d2c method=com.android.dx.cf.code.RopperMachine.run(Lcom/android/dx/cf/code/Frame;II)V @ 978
Event: 5.990 Thread 0x0000000016610000 Uncommon trap: reason=unstable_if action=reinterpret pc=0x0000000002e2b984 method=com.android.dx.cf.code.Ropper.isSynchronized()Z @ 12
Event: 6.069 Thread 0x0000000016611800 Uncommon trap: reason=unstable_if action=reinterpret pc=0x0000000002e7521c method=com.android.dx.rop.code.RegisterSpec.equals(ILcom/android/dx/rop/type/TypeBearer;Lcom/android/dx/rop/code/LocalItem;)Z @ 42
Event: 6.092 Thread 0x0000000016570800 Uncommon trap: reason=unstable_if action=reinterpret pc=0x0000000002cb9bac method=com.android.dx.ssa.SsaRenamer$BlockRenamer.process()V @ 90
Event: 6.271 Thread 0x0000000016611800 Uncommon trap: reason=unstable_if action=reinterpret pc=0x0000000002e803c8 method=com.android.dx.rop.code.RegisterSpecSet.localItemToSpec(Lcom/android/dx/rop/code/LocalItem;)Lcom/android/dx/rop/code/RegisterSpec; @ 35
Event: 6.368 Thread 0x0000000016570800 Uncommon trap: reason=bimorphic action=maybe_recompile pc=0x0000000002c559a0 method=java.util.HashMap.getNode(ILjava/lang/Object;)Ljava/util/HashMap$Node; @ 126
Event: 6.371 Thread 0x0000000016570800 Uncommon trap: reason=bimorphic action=maybe_recompile pc=0x0000000002dd10d8 method=java.util.HashMap.getNode(ILjava/lang/Object;)Ljava/util/HashMap$Node; @ 126
Event: 6.486 Thread 0x00000000165e4000 Uncommon trap: reason=unstable_if action=reinterpret pc=0x0000000002f579b8 method=com.android.dx.cf.code.RopperMachine.run(Lcom/android/dx/cf/code/Frame;II)V @ 356
Event: 6.813 Thread 0x0000000016570800 Uncommon trap: reason=unstable_if action=reinterpret pc=0x0000000002e8e8e0 method=java.util.HashMap.putVal(ILjava/lang/Object;Ljava/lang/Object;ZZ)Ljava/lang/Object; @ 162
Event: 6.906 Thread 0x0000000016611800 Uncommon trap: reason=unstable_if action=reinterpret pc=0x0000000002dd2208 method=java.util.HashMap.resize()[Ljava/util/HashMap$Node; @ 206

Internal exceptions (7 events):
Event: 0.057 Thread 0x000000000098d800 Exception <a 'java/lang/NoSuchMethodError': Method sun.misc.Unsafe.defineClass(Ljava/lang/String;[BII)Ljava/lang/Class; name or signature does not match> (0x00000000eab12e68) thrown at [C:\re\workspace\8-2-build-windows-amd64-cygwin\jdk8u45\3457\hotspot\sr#ëx})­?
Event: 0.057 Thread 0x000000000098d800 Exception <a 'java/lang/NoSuchMethodError': Method sun.misc.Unsafe.prefetchRead(Ljava/lang/Object;J)V name or signature does not match> (0x00000000eab130f8) thrown at [C:\re\workspace\8-2-build-windows-amd64-cygwin\jdk8u45\3457\hotspot\src\share\vm\prims\jU•^*âö?
Event: 1.376 Thread 0x0000000016610000 Implicit null exception at 0x000000000297c339 to 0x000000000297dcc9
Event: 1.376 Thread 0x0000000016611800 Implicit null exception at 0x000000000297c339 to 0x000000000297dcc9
Event: 6.815 Thread 0x0000000016570800 Exception <a 'java/lang/ArrayIndexOutOfBoundsException': 18> (0x00000000f2e8ec08) thrown at [C:\re\workspace\8-2-build-windows-amd64-cygwin\jdk8u45\3457\hotspot\src\share\vm\interpreter\interpreterRuntime.cpp, line 366]
Event: 6.816 Thread 0x0000000016570800 Exception <a 'java/lang/ArrayIndexOutOfBoundsException': 145> (0x00000000f2e906d8) thrown at [C:\re\workspace\8-2-build-windows-amd64-cygwin\jdk8u45\3457\hotspot\src\share\vm\interpreter\interpreterRuntime.cpp, line 366]
Event: 6.817 Thread 0x0000000016570800 Exception <a 'java/lang/ArrayIndexOutOfBoundsException'> (0x00000000f2e91910) thrown at [C:\re\workspace\8-2-build-windows-amd64-cygwin\jdk8u45\3457\hotspot\src\share\vm\runtime\sharedRuntime.cpp, line 605]

Events (10 events):
Event: 6.892 Thread 0x0000000016611800 DEOPT UNPACKING pc=0x00000000026d787f sp=0x00000000170ae520 mode 0
Event: 6.906 Thread 0x0000000016611800 Uncommon trap: trap_request=0xffffff65 fr.pc=0x0000000002dd2208
Event: 6.906 Thread 0x0000000016611800 DEOPT PACKING pc=0x0000000002dd2208 sp=0x00000000170ae390
Event: 6.906 Thread 0x0000000016611800 DEOPT UNPACKING pc=0x00000000026d582a sp=0x00000000170ae2f8 mode 2
Event: 7.261 Thread 0x00000000163b4000 flushing nmethod 0x0000000002790a90
Event: 7.261 Thread 0x00000000163b4000 flushing nmethod 0x0000000002792710
Event: 7.261 Thread 0x00000000163b4000 flushing nmethod 0x0000000002793e90
Event: 7.261 Thread 0x00000000163b4000 flushing nmethod 0x00000000027af0d0
Event: 7.263 Thread 0x0000000016570800 DEOPT PACKING pc=0x0000000002c81cee sp=0x0000000016caeae0
Event: 7.263 Thread 0x0000000016570800 DEOPT UNPACKING pc=0x00000000026d787f sp=0x0000000016cae880 mode 0


Dynamic libraries:
0x00007ff7ada00000 - 0x00007ff7ada37000 	C:\Program Files\Java\jdk1.8.0_45\bin\java.exe
0x00007ffa39f30000 - 0x00007ffa3a0f1000 	C:\WINDOWS\SYSTEM32\ntdll.dll
0x00007ffa375b0000 - 0x00007ffa3765d000 	C:\WINDOWS\system32\KERNEL32.DLL
0x00007ffa36d70000 - 0x00007ffa36f58000 	C:\WINDOWS\system32\KERNELBASE.dll
0x00007ffa39d70000 - 0x00007ffa39e17000 	C:\WINDOWS\system32\ADVAPI32.dll
0x00007ffa394a0000 - 0x00007ffa3953d000 	C:\WINDOWS\system32\msvcrt.dll
0x00007ffa37ae0000 - 0x00007ffa37b3b000 	C:\WINDOWS\system32\sechost.dll
0x00007ffa37cc0000 - 0x00007ffa37ddc000 	C:\WINDOWS\system32\RPCRT4.dll
0x00007ffa37de0000 - 0x00007ffa37f36000 	C:\WINDOWS\system32\USER32.dll
0x00007ffa37860000 - 0x00007ffa379e6000 	C:\WINDOWS\system32\GDI32.dll
0x00007ffa238b0000 - 0x00007ffa23b24000 	C:\WINDOWS\WinSxS\amd64_microsoft.windows.common-controls_6595b64144ccf1df_6.0.10586.0_none_8c15ae12515e1c22\COMCTL32.dll
0x00007ffa39af0000 - 0x00007ffa39d6d000 	C:\WINDOWS\system32\combase.dll
0x00007ffa37260000 - 0x00007ffa372ca000 	C:\WINDOWS\system32\bcryptPrimitives.dll
0x00007ffa37820000 - 0x00007ffa3785b000 	C:\WINDOWS\system32\IMM32.DLL
0x00000000531b0000 - 0x0000000053282000 	C:\Program Files\Java\jdk1.8.0_45\jre\bin\msvcr100.dll
0x0000000053570000 - 0x0000000053df3000 	C:\Program Files\Java\jdk1.8.0_45\jre\bin\server\jvm.dll
0x00007ffa37b40000 - 0x00007ffa37b48000 	C:\WINDOWS\system32\PSAPI.DLL
0x00007ffa347c0000 - 0x00007ffa347e3000 	C:\WINDOWS\SYSTEM32\WINMM.dll
0x00007ffa29770000 - 0x00007ffa2977a000 	C:\WINDOWS\SYSTEM32\VERSION.dll
0x00007ffa33ed0000 - 0x00007ffa33ed9000 	C:\WINDOWS\SYSTEM32\WSOCK32.dll
0x00007ffa34740000 - 0x00007ffa3476c000 	C:\WINDOWS\SYSTEM32\WINMMBASE.dll
0x00007ffa37210000 - 0x00007ffa37253000 	C:\WINDOWS\system32\cfgmgr32.dll
0x00007ffa37a70000 - 0x00007ffa37adb000 	C:\WINDOWS\system32\WS2_32.dll
0x0000000054770000 - 0x000000005477f000 	C:\Program Files\Java\jdk1.8.0_45\jre\bin\verify.dll
0x0000000054430000 - 0x0000000054459000 	C:\Program Files\Java\jdk1.8.0_45\jre\bin\java.dll
0x0000000054410000 - 0x0000000054426000 	C:\Program Files\Java\jdk1.8.0_45\jre\bin\zip.dll
0x00007ffa37f40000 - 0x00007ffa3949c000 	C:\WINDOWS\system32\SHELL32.dll
0x00007ffa36720000 - 0x00007ffa36d64000 	C:\WINDOWS\system32\windows.storage.dll
0x00007ffa39ed0000 - 0x00007ffa39f22000 	C:\WINDOWS\system32\shlwapi.dll
0x00007ffa365d0000 - 0x00007ffa365df000 	C:\WINDOWS\system32\kernel.appcore.dll
0x00007ffa36f60000 - 0x00007ffa37015000 	C:\WINDOWS\system32\shcore.dll
0x00007ffa36570000 - 0x00007ffa365bb000 	C:\WINDOWS\system32\powrprof.dll
0x00007ffa36550000 - 0x00007ffa36564000 	C:\WINDOWS\system32\profapi.dll
0x00007ffa33a70000 - 0x00007ffa33bfc000 	C:\WINDOWS\SYSTEM32\dbghelp.dll

VM Arguments:
jvm_args: -Djava.awt.headless=true -Xmx1024M -Dfile.encoding=GBK -Duser.country=CN -Duser.language=zh -Duser.variant 
java_command: com.android.dx.command.Main --dex --force-jumbo --num-threads=4 --output F:\SVN\NewCarData\app\build\intermediates\pre-dexed\debug\main_34259a7b55fe395cd0a91a573e65634f0a2d91bf.jar F:\SVN\NewCarData\app\build\intermediates\transforms\instantRun\debug\folders\1\5\main
java_class_path (initial): D:\AndroidStudio_JavaEE\android-sdk\build-tools\23.0.1\lib\dx.jar
Launcher Type: SUN_STANDARD

Environment Variables:
JAVA_HOME=C:\Program Files\Java\jdk1.8.0_45
CLASSPATH=.;C:\Program Files\Java\jdk1.8.0_45\lib\dt.jar;C:\Program Files\Java\jdk1.8.0_45\lib\tools.jar; 
PATH=E:\app\onlystar\product\11.2.2\dbhome_1\bin;C:\ProgramData\Oracle\Java\javapath;C:\WINDOWS\system32;C:\WINDOWS;C:\WINDOWS\System32\Wbem;C:\WINDOWS\System32\WindowsPowerShell\v1.0\;C:\Program Files\Java\jdk1.8.0_45\bin;C:\Program Files\Java\jdk1.8.0_45\jre\bin;D:\mysql\mysql-5.6.17-winx64\bin;C:\Program Files\TortoiseSVN\bin
USERNAME=onlystar
OS=Windows_NT
PROCESSOR_IDENTIFIER=Intel64 Family 6 Model 69 Stepping 1, GenuineIntel



---------------  S Y S T E M  ---------------

OS: Windows 10.0 , 64 bit Build 10586 (10.0.10586.0)

CPU:total 4 (2 cores per cpu, 2 threads per core) family 6 model 69 stepping 1, cmov, cx8, fxsr, mmx, sse, sse2, sse3, ssse3, sse4.1, sse4.2, popcnt, avx, avx2, aes, clmul, erms, lzcnt, ht, tsc, tscinvbit, bmi1, bmi2

Memory: 4k page, physical 8269040k(995560k free), swap 8269040k(15636k free)

vm_info: Java HotSpot(TM) 64-Bit Server VM (25.45-b02) for windows-amd64 JRE (1.8.0_45-b14), built on Apr 10 2015 10:34:15 by "java_re" with MS VC++ 10.0 (VS2010)

time: Fri Jun 03 18:38:01 2016
elapsed time: 7 seconds (0d 0h 0m 7s)

